Using pre-set license
Built from '2020.2/staging' branch; Version is '2020.2.7f1 (c53830e277f1) revision 12924976'; Using compiler version '192528614'; Build Type 'Release'
OS: 'Windows 10 Home; OS build 19042.1165; Version 2009; 64bit' Language: 'he' Physical Memory: 16233 MB
BatchMode: 1, IsHumanControllingUs: 0, StartBugReporterOnCrash: 0, Is64bit: 1, IsPro: 0

 COMMAND LINE ARGUMENTS:
C:\Program Files\Unity\Hub\Editor\2020.2.7f1\Editor\Unity.exe
-adb2
-batchMode
-noUpm
-name
AssetImportWorker4
-projectPath
C:/Users/roini/OneDrive/Desktop/לימודים/פיתוח משחקים/‏‏תיקיה חדשה/GameProject4
-logFile
Logs/AssetImportWorker4.log
-srvPort
64262
Successfully changed project path to: C:/Users/roini/OneDrive/Desktop/לימודים/פיתוח משחקים/‏‏תיקיה חדשה/GameProject4
C:/Users/roini/OneDrive/Desktop/לימודים/פיתוח משחקים/‏‏תיקיה חדשה/GameProject4
Using Asset Import Pipeline V2.
Refreshing native plugins compatible for Editor in 606.93 ms, found 0 plugins.
Preloading 0 native plugins for Editor in 0.00 ms.
Initialize engine version: 2020.2.7f1 (c53830e277f1)
[Subsystems] Discovering subsystems at path C:/Program Files/Unity/Hub/Editor/2020.2.7f1/Editor/Data/Resources/UnitySubsystems
[Subsystems] Discovering subsystems at path C:/Users/roini/OneDrive/Desktop/לימודים/פיתוח משחקים/‏‏תיקיה חדשה/GameProject4/Assets
GfxDevice: creating device client; threaded=0
Direct3D:
    Version:  Direct3D 11.0 [level 11.1]
    Renderer: NVIDIA GeForce GTX 1050 Ti (ID=0x1c8c)
    Vendor:   
    VRAM:     4018 MB
    Driver:   27.21.14.6089
Initialize mono
Mono path[0] = 'C:/Program Files/Unity/Hub/Editor/2020.2.7f1/Editor/Data/Managed'
Mono path[1] = 'C:/Program Files/Unity/Hub/Editor/2020.2.7f1/Editor/Data/MonoBleedingEdge/lib/mono/unityjit'
Mono config path = 'C:/Program Files/Unity/Hub/Editor/2020.2.7f1/Editor/Data/MonoBleedingEdge/etc'
Using monoOptions --debugger-agent=transport=dt_socket,embedding=1,server=y,suspend=n,address=127.0.0.1:56428
Begin MonoManager ReloadAssembly
Registering precompiled unity dll's ...
Register platform support module: C:/Program Files/Unity/Hub/Editor/2020.2.7f1/Editor/Data/PlaybackEngines/WindowsStandaloneSupport/UnityEditor.WindowsStandalone.Extensions.dll
Registered in 0.010066 seconds.
Native extension for WindowsStandalone target not found
Refreshing native plugins compatible for Editor in 130.94 ms, found 0 plugins.
Preloading 0 native plugins for Editor in 0.00 ms.
Invoked RoslynAnalysisRunner static constructor.
RoslynAnalysisRunner will not be running.
RoslynAnalysisRunner has terminated.
Mono: successfully reloaded assembly
- Completed reload, in  5.569 seconds
Platform modules already initialized, skipping
Registering precompiled user dll's ...
Registered in 0.003596 seconds.
Begin MonoManager ReloadAssembly
Native extension for WindowsStandalone target not found
Refreshing native plugins compatible for Editor in 0.79 ms, found 0 plugins.
Preloading 0 native plugins for Editor in 0.00 ms.
Invoked RoslynAnalysisRunner static constructor.
RoslynAnalysisRunner will not be running.
RoslynAnalysisRunner has terminated.
Mono: successfully reloaded assembly
- Completed reload, in  2.296 seconds
Platform modules already initialized, skipping
========================================================================
Worker process is ready to serve import requests
Launched and connected shader compiler UnityShaderCompiler.exe after 0.24 seconds
Refreshing native plugins compatible for Editor in 1.28 ms, found 0 plugins.
Preloading 0 native plugins for Editor in 0.00 ms.
Unloading 1206 Unused Serialized files (Serialized files now loaded: 0)
System memory in use before: 168.5 MB.
System memory in use after: 168.5 MB.

Unloading 10 unused Assets to reduce memory usage. Loaded Objects now: 1679.
Total: 7.238900 ms (FindLiveObjects: 0.696500 ms CreateObjectMapping: 0.232400 ms MarkObjects: 5.574600 ms  DeleteObjects: 0.730300 ms)

========================================================================
Received Import Request.
  path: Assets/Prefabs/NPC/new/firstDying.anim
  artifactKey: Guid(bea26c72b2e71a740a494657a9ab4396) Importer(815301076,1909f56bfc062723c751e8b465ee728b)
Start importing Assets/Prefabs/NPC/new/firstDying.anim using Guid(bea26c72b2e71a740a494657a9ab4396) Importer(815301076,1909f56bfc062723c751e8b465ee728b)  -> (artifact id: '0a2051c01bc54f5ac9de31a64a3447d7') in 0.404615 seconds
  Import took 0.411830 seconds .

